<?xml version="1.0" encoding="UTF-8"?>
<!-- Generated by org.testng.reporters.JUnitReportReporter -->
<testsuite hostname="LTIN185426" failures="0" tests="22" name="testScenarios.TC_0004_GiftCards" time="11.992" errors="0" timestamp="2024-03-11T13:46:49 IST" skipped="0">
  <testcase classname="testScenarios.TC_0004_GiftCards" name="scrollPage" time="0.067"/>
  <system-out/>
  <testcase classname="testScenarios.TC_0004_GiftCards" name="clickGiftCardsButton" time="3.367"/>
  <system-out/>
  <testcase classname="testScenarios.TC_0004_GiftCards" name="loadTheJSONFile" time="0.037"/>
  <system-out/>
  <testcase classname="testScenarios.TC_0004_GiftCards" name="scrollDownToGiftsOptions" time="0.042"/>
  <system-out/>
  <testcase classname="testScenarios.TC_0004_GiftCards" name="selectBirthdayOrAnniversary" time="0.169"/>
  <system-out/>
  <testcase classname="testScenarios.TC_0004_GiftCards" name="enteringPriceAmount" time="0.152"/>
  <system-out/>
  <testcase classname="testScenarios.TC_0004_GiftCards" name="clickOnNextbtn" time="0.110"/>
  <system-out/>
  <testcase classname="testScenarios.TC_0004_GiftCards" name="enterNameofRecipient" time="0.175"/>
  <system-out/>
  <testcase classname="testScenarios.TC_0004_GiftCards" name="enterEmailofRecipient" time="0.127"/>
  <system-out/>
  <testcase classname="testScenarios.TC_0004_GiftCards" name="enterMobileofRecipient" time="0.139"/>
  <system-out/>
  <testcase classname="testScenarios.TC_0004_GiftCards" name="enterNameofCustomer" time="0.124"/>
  <system-out/>
  <testcase classname="testScenarios.TC_0004_GiftCards" name="enterEmailofCustomer" time="0.168"/>
  <system-out/>
  <testcase classname="testScenarios.TC_0004_GiftCards" name="enterMobileNumberofCustomer" time="0.371"/>
  <system-out/>
  <testcase classname="testScenarios.TC_0004_GiftCards" name="enterAddressofCustomer" time="0.159"/>
  <system-out/>
  <testcase classname="testScenarios.TC_0004_GiftCards" name="enterPinofCustomerPin" time="0.151"/>
  <system-out/>
  <testcase classname="testScenarios.TC_0004_GiftCards" name="enterMessageIfAny" time="0.156"/>
  <system-out/>
  <testcase classname="testScenarios.TC_0004_GiftCards" name="clickOnConfirmbtn" time="3.096"/>
  <system-out/>
  <testcase classname="testScenarios.TC_0004_GiftCards" name="getErrorMessage" time="0.021"/>
  <system-out/>
  <testcase classname="testScenarios.TC_0004_GiftCards" name="clearrecipientmail" time="0.110"/>
  <system-out/>
  <testcase classname="testScenarios.TC_0004_GiftCards" name="enterCorrectDeatils" time="0.086"/>
  <system-out/>
  <testcase classname="testScenarios.TC_0004_GiftCards" name="clickConfirmWithcorrectEmail" time="3.121"/>
  <system-out/>
  <testcase classname="testScenarios.TC_0004_GiftCards" name="confirmDetails" time="0.044"/>
  <system-out/>
</testsuite> <!-- testScenarios.TC_0004_GiftCards -->
