<?xml version="1.0" encoding="UTF-8"?>
<!-- Generated by org.testng.reporters.JUnitReportReporter -->
<testsuite hostname="LTIN185426" failures="0" tests="44" name="testScenarios.TC_0004_GiftCards" time="79.617" errors="0" timestamp="2024-02-28T17:25:58 IST" skipped="0">
  <testcase classname="testScenarios.TC_0004_GiftCards" name="scrollPage" time="0.062"/>
  <system-out/>
  <testcase classname="testScenarios.TC_0004_GiftCards" name="scrollPage" time="0.058"/>
  <system-out/>
  <testcase classname="testScenarios.TC_0004_GiftCards" name="clickGiftCardsButton" time="40.046"/>
  <system-out/>
  <testcase classname="testScenarios.TC_0004_GiftCards" name="clickGiftCardsButton" time="23.489"/>
  <system-out/>
  <testcase classname="testScenarios.TC_0004_GiftCards" name="loadTheJSONFile" time="0.002"/>
  <system-out/>
  <testcase classname="testScenarios.TC_0004_GiftCards" name="loadTheJSONFile" time="0.032"/>
  <system-out/>
  <testcase classname="testScenarios.TC_0004_GiftCards" name="scrollDownToGiftsOptions" time="0.027"/>
  <system-out/>
  <testcase classname="testScenarios.TC_0004_GiftCards" name="scrollDownToGiftsOptions" time="0.023"/>
  <system-out/>
  <testcase classname="testScenarios.TC_0004_GiftCards" name="selectBirthdayOrAnniversary" time="0.106"/>
  <system-out/>
  <testcase classname="testScenarios.TC_0004_GiftCards" name="selectBirthdayOrAnniversary" time="0.107"/>
  <system-out/>
  <testcase classname="testScenarios.TC_0004_GiftCards" name="enteringPriceAmount" time="0.145"/>
  <system-out/>
  <testcase classname="testScenarios.TC_0004_GiftCards" name="enteringPriceAmount" time="0.144"/>
  <system-out/>
  <testcase classname="testScenarios.TC_0004_GiftCards" name="clickOnNextbtn" time="0.079"/>
  <system-out/>
  <testcase classname="testScenarios.TC_0004_GiftCards" name="clickOnNextbtn" time="0.081"/>
  <system-out/>
  <testcase classname="testScenarios.TC_0004_GiftCards" name="enterNameofRecipient" time="0.121"/>
  <system-out/>
  <testcase classname="testScenarios.TC_0004_GiftCards" name="enterNameofRecipient" time="0.120"/>
  <system-out/>
  <testcase classname="testScenarios.TC_0004_GiftCards" name="enterEmailofRecipient" time="0.117"/>
  <system-out/>
  <testcase classname="testScenarios.TC_0004_GiftCards" name="enterEmailofRecipient" time="0.109"/>
  <system-out/>
  <testcase classname="testScenarios.TC_0004_GiftCards" name="enterMobileofRecipient" time="0.130"/>
  <system-out/>
  <testcase classname="testScenarios.TC_0004_GiftCards" name="enterMobileofRecipient" time="0.094"/>
  <system-out/>
  <testcase classname="testScenarios.TC_0004_GiftCards" name="enterNameofCustomer" time="0.100"/>
  <system-out/>
  <testcase classname="testScenarios.TC_0004_GiftCards" name="enterNameofCustomer" time="0.095"/>
  <system-out/>
  <testcase classname="testScenarios.TC_0004_GiftCards" name="enterEmailofCustomer" time="0.107"/>
  <system-out/>
  <testcase classname="testScenarios.TC_0004_GiftCards" name="enterEmailofCustomer" time="0.122"/>
  <system-out/>
  <testcase classname="testScenarios.TC_0004_GiftCards" name="enterMobileNumberofCustomer" time="0.091"/>
  <system-out/>
  <testcase classname="testScenarios.TC_0004_GiftCards" name="enterMobileNumberofCustomer" time="0.111"/>
  <system-out/>
  <testcase classname="testScenarios.TC_0004_GiftCards" name="enterAddressofCustomer" time="0.097"/>
  <system-out/>
  <testcase classname="testScenarios.TC_0004_GiftCards" name="enterAddressofCustomer" time="0.101"/>
  <system-out/>
  <testcase classname="testScenarios.TC_0004_GiftCards" name="enterPinofCustomerPin" time="0.104"/>
  <system-out/>
  <testcase classname="testScenarios.TC_0004_GiftCards" name="enterPinofCustomerPin" time="0.098"/>
  <system-out/>
  <testcase classname="testScenarios.TC_0004_GiftCards" name="enterMessageIfAny" time="0.135"/>
  <system-out/>
  <testcase classname="testScenarios.TC_0004_GiftCards" name="enterMessageIfAny" time="0.111"/>
  <system-out/>
  <testcase classname="testScenarios.TC_0004_GiftCards" name="clickOnConfirmbtn" time="3.134"/>
  <system-out/>
  <testcase classname="testScenarios.TC_0004_GiftCards" name="clickOnConfirmbtn" time="3.147"/>
  <system-out/>
  <testcase classname="testScenarios.TC_0004_GiftCards" name="getErrorMessage" time="0.023"/>
  <system-out/>
  <testcase classname="testScenarios.TC_0004_GiftCards" name="getErrorMessage" time="0.025"/>
  <system-out/>
  <testcase classname="testScenarios.TC_0004_GiftCards" name="clearrecipientmail" time="0.151"/>
  <system-out/>
  <testcase classname="testScenarios.TC_0004_GiftCards" name="clearrecipientmail" time="0.191"/>
  <system-out/>
  <testcase classname="testScenarios.TC_0004_GiftCards" name="enterCorrectDeatils" time="0.129"/>
  <system-out/>
  <testcase classname="testScenarios.TC_0004_GiftCards" name="enterCorrectDeatils" time="0.128"/>
  <system-out/>
  <testcase classname="testScenarios.TC_0004_GiftCards" name="clickConfirmWithcorrectEmail" time="3.113"/>
  <system-out/>
  <testcase classname="testScenarios.TC_0004_GiftCards" name="clickConfirmWithcorrectEmail" time="3.123"/>
  <system-out/>
  <testcase classname="testScenarios.TC_0004_GiftCards" name="confirmDetails" time="0.045"/>
  <system-out/>
  <testcase classname="testScenarios.TC_0004_GiftCards" name="confirmDetails" time="0.044"/>
  <system-out/>
</testsuite> <!-- testScenarios.TC_0004_GiftCards -->
