<?xml version="1.0" encoding="UTF-8"?>
<!-- Generated by org.testng.reporters.JUnitReportReporter -->
<testsuite hostname="LTIN185426" failures="0" tests="2" name="testScenarios.TC_0001_SearchBookshelve" time="18.034" errors="0" timestamp="2024-03-01T11:14:01 IST" skipped="0">
  <testcase classname="testScenarios.TC_0001_SearchBookshelve" name="sendInSearch" time="15.224"/>
  <system-out/>
  <testcase classname="testScenarios.TC_0001_SearchBookshelve" name="clicksearch" time="2.810"/>
  <system-out/>
</testsuite> <!-- testScenarios.TC_0001_SearchBookshelve -->
