<?xml version="1.0" encoding="UTF-8"?>
<!-- Generated by org.testng.reporters.JUnitReportReporter -->
<testsuite hostname="LTIN185426" failures="0" tests="5" name="testScenarios.TC_0003_LivingMenuItems" time="6.990" errors="0" timestamp="2024-02-26T22:12:29 IST" skipped="0">
  <testcase classname="testScenarios.TC_0003_LivingMenuItems" name="scrollPageUp" time="0.081"/>
  <system-out/>
  <testcase classname="testScenarios.TC_0003_LivingMenuItems" name="hoverToLiving" time="0.184"/>
  <system-out/>
  <testcase classname="testScenarios.TC_0003_LivingMenuItems" name="waitforSubmenu" time="0.036"/>
  <system-out/>
  <testcase classname="testScenarios.TC_0003_LivingMenuItems" name="submenuSeatingandChairStoreInExcel" time="4.593"/>
  <system-out/>
  <testcase classname="testScenarios.TC_0003_LivingMenuItems" name="displaySubMenuSeatingandChair" time="2.096"/>
  <system-out/>
</testsuite> <!-- testScenarios.TC_0003_LivingMenuItems -->
