<?xml version="1.0" encoding="UTF-8"?>
<!-- Generated by org.testng.reporters.JUnitReportReporter -->
<testsuite hostname="LTIN185426" failures="0" tests="2" name="testScenarios.TC_0001_SearchBookshelve" time="2.490" errors="0" timestamp="2024-02-25T02:50:27 IST" skipped="0">
  <testcase classname="testScenarios.TC_0001_SearchBookshelve" name="sendInSearch" time="1.360"/>
  <system-out/>
  <testcase classname="testScenarios.TC_0001_SearchBookshelve" name="clicksearch" time="1.130"/>
  <system-out/>
</testsuite> <!-- testScenarios.TC_0001_SearchBookshelve -->
