<?xml version="1.0" encoding="UTF-8"?>
<!-- Generated by org.testng.reporters.JUnitReportReporter -->
<testsuite hostname="LTIN185426" failures="0" tests="12" name="testScenarios.TC_0002_BookshelvesDetails" time="13.806" errors="0" timestamp="2024-03-11T13:46:49 IST" skipped="0">
  <testcase classname="testScenarios.TC_0002_BookshelvesDetails" name="closePopUp" time="2.312"/>
  <system-out/>
  <testcase classname="testScenarios.TC_0002_BookshelvesDetails" name="scrollDown" time="0.082"/>
  <system-out/>
  <testcase classname="testScenarios.TC_0002_BookshelvesDetails" name="hoverCategory" time="0.211"/>
  <system-out/>
  <testcase classname="testScenarios.TC_0002_BookshelvesDetails" name="bookshelveCategory" time="0.179"/>
  <system-out/>
  <testcase classname="testScenarios.TC_0002_BookshelvesDetails" name="hoverToPrice" time="0.181"/>
  <system-out/>
  <testcase classname="testScenarios.TC_0002_BookshelvesDetails" name="waitPriceSlider" time="0.118"/>
  <system-out/>
  <testcase classname="testScenarios.TC_0002_BookshelvesDetails" name="slidePriceamount" time="2.897"/>
  <system-out/>
  <testcase classname="testScenarios.TC_0002_BookshelvesDetails" name="hoverSortBy" time="0.181"/>
  <system-out/>
  <testcase classname="testScenarios.TC_0002_BookshelvesDetails" name="sortAccToPrice" time="0.512"/>
  <system-out/>
  <testcase classname="testScenarios.TC_0002_BookshelvesDetails" name="inStock" time="0.237"/>
  <system-out/>
  <testcase classname="testScenarios.TC_0002_BookshelvesDetails" name="collectingBookShelvesList" time="6.894"/>
  <system-out/>
  <testcase classname="testScenarios.TC_0002_BookshelvesDetails" name="displayingBookShelves" time="0.002"/>
  <system-out/>
</testsuite> <!-- testScenarios.TC_0002_BookshelvesDetails -->
