<?xml version="1.0" encoding="UTF-8"?>
<!-- Generated by org.testng.reporters.JUnitReportReporter -->
<testsuite hostname="LTIN185426" failures="0" tests="12" name="testScenarios.TC_0002_BookshelvesDetails" time="61.547" errors="0" timestamp="2024-02-26T22:12:29 IST" skipped="0">
  <testcase classname="testScenarios.TC_0002_BookshelvesDetails" name="closePopUp" time="2.894"/>
  <system-out/>
  <testcase classname="testScenarios.TC_0002_BookshelvesDetails" name="scrollDown" time="0.102"/>
  <system-out/>
  <testcase classname="testScenarios.TC_0002_BookshelvesDetails" name="hoverCategory" time="5.292"/>
  <system-out/>
  <testcase classname="testScenarios.TC_0002_BookshelvesDetails" name="bookshelveCategory" time="0.263"/>
  <system-out/>
  <testcase classname="testScenarios.TC_0002_BookshelvesDetails" name="hoverToPrice" time="0.452"/>
  <system-out/>
  <testcase classname="testScenarios.TC_0002_BookshelvesDetails" name="waitPriceSlider" time="0.068"/>
  <system-out/>
  <testcase classname="testScenarios.TC_0002_BookshelvesDetails" name="slidePriceamount" time="8.860"/>
  <system-out/>
  <testcase classname="testScenarios.TC_0002_BookshelvesDetails" name="hoverSortBy" time="0.179"/>
  <system-out/>
  <testcase classname="testScenarios.TC_0002_BookshelvesDetails" name="sortAccToPrice" time="0.130"/>
  <system-out/>
  <testcase classname="testScenarios.TC_0002_BookshelvesDetails" name="inStock" time="0.132"/>
  <system-out/>
  <testcase classname="testScenarios.TC_0002_BookshelvesDetails" name="collectingBookShelvesList" time="43.173"/>
  <system-out/>
  <testcase classname="testScenarios.TC_0002_BookshelvesDetails" name="displayingBookShelves" time="0.002"/>
  <system-out/>
</testsuite> <!-- testScenarios.TC_0002_BookshelvesDetails -->
