<?xml version="1.0" encoding="UTF-8"?>
<!-- Generated by org.testng.reporters.JUnitReportReporter -->
<testsuite hostname="LTIN185426" failures="0" tests="12" name="testCases.TC_0002_BookshelvesDetails" time="49.183" errors="0" timestamp="2024-02-23T13:07:33 IST" skipped="0">
  <testcase classname="testCases.TC_0002_BookshelvesDetails" name="closePopUp" time="2.396"/>
  <system-out/>
  <testcase classname="testCases.TC_0002_BookshelvesDetails" name="scrollDown" time="0.056"/>
  <system-out/>
  <testcase classname="testCases.TC_0002_BookshelvesDetails" name="hoverCategory" time="0.176"/>
  <system-out/>
  <testcase classname="testCases.TC_0002_BookshelvesDetails" name="bookshelveCategory" time="0.230"/>
  <system-out/>
  <testcase classname="testCases.TC_0002_BookshelvesDetails" name="hoverToPrice" time="0.170"/>
  <system-out/>
  <testcase classname="testCases.TC_0002_BookshelvesDetails" name="waitPriceSlider" time="0.585"/>
  <system-out/>
  <testcase classname="testCases.TC_0002_BookshelvesDetails" name="slidePriceamount" time="8.755"/>
  <system-out/>
  <testcase classname="testCases.TC_0002_BookshelvesDetails" name="hoverSortBy" time="0.162"/>
  <system-out/>
  <testcase classname="testCases.TC_0002_BookshelvesDetails" name="sortAccToPrice" time="0.105"/>
  <system-out/>
  <testcase classname="testCases.TC_0002_BookshelvesDetails" name="inStock" time="0.104"/>
  <system-out/>
  <testcase classname="testCases.TC_0002_BookshelvesDetails" name="collectingBookShelvesList" time="36.442"/>
  <system-out/>
  <testcase classname="testCases.TC_0002_BookshelvesDetails" name="displayingBookShelves" time="0.002"/>
  <system-out/>
</testsuite> <!-- testCases.TC_0002_BookshelvesDetails -->
