<?xml version="1.0" encoding="UTF-8"?>
<!-- Generated by org.testng.reporters.JUnitReportReporter -->
<testsuite hostname="LTIN185426" failures="0" tests="12" name="testScenarios.TC_0002_BookshelvesDetails" time="0.000" errors="0" timestamp="2024-02-27T14:16:46 IST" skipped="12">
  <testcase classname="testScenarios.TC_0002_BookshelvesDetails" name="closePopUp" time="0.000">
    <skipped/>
  </testcase> <!-- closePopUp -->
  <system-out/>
  <testcase classname="testScenarios.TC_0002_BookshelvesDetails" name="scrollDown" time="0.000">
    <skipped/>
  </testcase> <!-- scrollDown -->
  <system-out/>
  <testcase classname="testScenarios.TC_0002_BookshelvesDetails" name="hoverCategory" time="0.000">
    <skipped/>
  </testcase> <!-- hoverCategory -->
  <system-out/>
  <testcase classname="testScenarios.TC_0002_BookshelvesDetails" name="bookshelveCategory" time="0.000">
    <skipped/>
  </testcase> <!-- bookshelveCategory -->
  <system-out/>
  <testcase classname="testScenarios.TC_0002_BookshelvesDetails" name="hoverToPrice" time="0.000">
    <skipped/>
  </testcase> <!-- hoverToPrice -->
  <system-out/>
  <testcase classname="testScenarios.TC_0002_BookshelvesDetails" name="waitPriceSlider" time="0.000">
    <skipped/>
  </testcase> <!-- waitPriceSlider -->
  <system-out/>
  <testcase classname="testScenarios.TC_0002_BookshelvesDetails" name="slidePriceamount" time="0.000">
    <skipped/>
  </testcase> <!-- slidePriceamount -->
  <system-out/>
  <testcase classname="testScenarios.TC_0002_BookshelvesDetails" name="hoverSortBy" time="0.000">
    <skipped/>
  </testcase> <!-- hoverSortBy -->
  <system-out/>
  <testcase classname="testScenarios.TC_0002_BookshelvesDetails" name="sortAccToPrice" time="0.000">
    <skipped/>
  </testcase> <!-- sortAccToPrice -->
  <system-out/>
  <testcase classname="testScenarios.TC_0002_BookshelvesDetails" name="inStock" time="0.000">
    <skipped/>
  </testcase> <!-- inStock -->
  <system-out/>
  <testcase classname="testScenarios.TC_0002_BookshelvesDetails" name="collectingBookShelvesList" time="0.000">
    <skipped/>
  </testcase> <!-- collectingBookShelvesList -->
  <system-out/>
  <testcase classname="testScenarios.TC_0002_BookshelvesDetails" name="displayingBookShelves" time="0.000">
    <skipped/>
  </testcase> <!-- displayingBookShelves -->
  <system-out/>
</testsuite> <!-- testScenarios.TC_0002_BookshelvesDetails -->
