<?xml version="1.0" encoding="UTF-8"?>
<!-- Generated by org.testng.reporters.JUnitReportReporter -->
<testsuite hostname="LTIN185426" failures="0" tests="9" name="testScenarios.TC_0005_ConfirmingFormDetails" time="0.751" errors="0" timestamp="2024-03-01T11:14:01 IST" skipped="0">
  <testcase classname="testScenarios.TC_0005_ConfirmingFormDetails" name="confirmamountEnetered" time="0.068"/>
  <system-out/>
  <testcase classname="testScenarios.TC_0005_ConfirmingFormDetails" name="confirmrecipientName" time="0.088"/>
  <system-out/>
  <testcase classname="testScenarios.TC_0005_ConfirmingFormDetails" name="confirmrecipientEmail" time="0.072"/>
  <system-out/>
  <testcase classname="testScenarios.TC_0005_ConfirmingFormDetails" name="confirmrecipientMobile" time="0.072"/>
  <system-out/>
  <testcase classname="testScenarios.TC_0005_ConfirmingFormDetails" name="confirmcustomerName" time="0.070"/>
  <system-out/>
  <testcase classname="testScenarios.TC_0005_ConfirmingFormDetails" name="confirmcustomerEmail" time="0.074"/>
  <system-out/>
  <testcase classname="testScenarios.TC_0005_ConfirmingFormDetails" name="confirmcustomerMobile" time="0.077"/>
  <system-out/>
  <testcase classname="testScenarios.TC_0005_ConfirmingFormDetails" name="confirmcustomerCity" time="0.070"/>
  <system-out/>
  <testcase classname="testScenarios.TC_0005_ConfirmingFormDetails" name="confirmcustomerPinCode" time="0.160"/>
  <system-out/>
</testsuite> <!-- testScenarios.TC_0005_ConfirmingFormDetails -->
