<?xml version="1.0" encoding="UTF-8"?>
<!-- Generated by org.testng.reporters.JUnitReportReporter -->
<testsuite hostname="LTIN185426" failures="0" tests="5" name="testScenarios.TC_0003_LivingMenuItems" time="6.748" errors="0" timestamp="2024-03-11T13:46:49 IST" skipped="0">
  <testcase classname="testScenarios.TC_0003_LivingMenuItems" name="scrollUp" time="0.080"/>
  <system-out/>
  <testcase classname="testScenarios.TC_0003_LivingMenuItems" name="hoverToLiving" time="0.176"/>
  <system-out/>
  <testcase classname="testScenarios.TC_0003_LivingMenuItems" name="waitforSubmenu" time="0.036"/>
  <system-out/>
  <testcase classname="testScenarios.TC_0003_LivingMenuItems" name="submenuSeatingandChairStoreInExcel" time="4.309"/>
  <system-out/>
  <testcase classname="testScenarios.TC_0003_LivingMenuItems" name="displaySubMenuSeatingandChair" time="2.147"/>
  <system-out/>
</testsuite> <!-- testScenarios.TC_0003_LivingMenuItems -->
