<?xml version="1.0" encoding="UTF-8"?>
<!-- Generated by org.testng.reporters.JUnitReportReporter -->
<testsuite hostname="LTIN185426" failures="0" tests="4" name="testScenarios.TC_0001_SearchBookshelve" time="18.934" errors="0" timestamp="2024-02-28T17:25:58 IST" skipped="0">
  <testcase classname="testScenarios.TC_0001_SearchBookshelve" name="sendInSearch" time="1.751"/>
  <system-out/>
  <testcase classname="testScenarios.TC_0001_SearchBookshelve" name="sendInSearch" time="12.591"/>
  <system-out/>
  <testcase classname="testScenarios.TC_0001_SearchBookshelve" name="clicksearch" time="2.592"/>
  <system-out/>
  <testcase classname="testScenarios.TC_0001_SearchBookshelve" name="clicksearch" time="2.000"/>
  <system-out/>
</testsuite> <!-- testScenarios.TC_0001_SearchBookshelve -->
