<?xml version="1.0" encoding="UTF-8"?>
<!-- Generated by org.testng.reporters.JUnitReportReporter -->
<testsuite hostname="LTIN185426" failures="0" tests="22" name="testScenarios.TC_0004_GiftCards" time="0.000" errors="0" timestamp="2024-02-27T14:16:46 IST" skipped="22">
  <testcase classname="testScenarios.TC_0004_GiftCards" name="scrollPage" time="0.000">
    <skipped/>
  </testcase> <!-- scrollPage -->
  <system-out/>
  <testcase classname="testScenarios.TC_0004_GiftCards" name="clickGiftCardsButton" time="0.000">
    <skipped/>
  </testcase> <!-- clickGiftCardsButton -->
  <system-out/>
  <testcase classname="testScenarios.TC_0004_GiftCards" name="loadTheJSONFile" time="0.000">
    <skipped/>
  </testcase> <!-- loadTheJSONFile -->
  <system-out/>
  <testcase classname="testScenarios.TC_0004_GiftCards" name="scrollDownToGiftsOptions" time="0.000">
    <skipped/>
  </testcase> <!-- scrollDownToGiftsOptions -->
  <system-out/>
  <testcase classname="testScenarios.TC_0004_GiftCards" name="selectBirthdayOrAnniversary" time="0.000">
    <skipped/>
  </testcase> <!-- selectBirthdayOrAnniversary -->
  <system-out/>
  <testcase classname="testScenarios.TC_0004_GiftCards" name="enteringPriceAmount" time="0.000">
    <skipped/>
  </testcase> <!-- enteringPriceAmount -->
  <system-out/>
  <testcase classname="testScenarios.TC_0004_GiftCards" name="clickOnNextbtn" time="0.000">
    <skipped/>
  </testcase> <!-- clickOnNextbtn -->
  <system-out/>
  <testcase classname="testScenarios.TC_0004_GiftCards" name="enterNameofRecipient" time="0.000">
    <skipped/>
  </testcase> <!-- enterNameofRecipient -->
  <system-out/>
  <testcase classname="testScenarios.TC_0004_GiftCards" name="enterEmailofRecipient" time="0.000">
    <skipped/>
  </testcase> <!-- enterEmailofRecipient -->
  <system-out/>
  <testcase classname="testScenarios.TC_0004_GiftCards" name="enterMobileofRecipient" time="0.000">
    <skipped/>
  </testcase> <!-- enterMobileofRecipient -->
  <system-out/>
  <testcase classname="testScenarios.TC_0004_GiftCards" name="enterNameofCustomer" time="0.000">
    <skipped/>
  </testcase> <!-- enterNameofCustomer -->
  <system-out/>
  <testcase classname="testScenarios.TC_0004_GiftCards" name="enterEmailofCustomer" time="0.000">
    <skipped/>
  </testcase> <!-- enterEmailofCustomer -->
  <system-out/>
  <testcase classname="testScenarios.TC_0004_GiftCards" name="enterMobileNumberofCustomer" time="0.000">
    <skipped/>
  </testcase> <!-- enterMobileNumberofCustomer -->
  <system-out/>
  <testcase classname="testScenarios.TC_0004_GiftCards" name="enterAddressofCustomer" time="0.000">
    <skipped/>
  </testcase> <!-- enterAddressofCustomer -->
  <system-out/>
  <testcase classname="testScenarios.TC_0004_GiftCards" name="enterPinofCustomerPin" time="0.000">
    <skipped/>
  </testcase> <!-- enterPinofCustomerPin -->
  <system-out/>
  <testcase classname="testScenarios.TC_0004_GiftCards" name="enterMessageIfAny" time="0.000">
    <skipped/>
  </testcase> <!-- enterMessageIfAny -->
  <system-out/>
  <testcase classname="testScenarios.TC_0004_GiftCards" name="clickOnConfirmbtn" time="0.000">
    <skipped/>
  </testcase> <!-- clickOnConfirmbtn -->
  <system-out/>
  <testcase classname="testScenarios.TC_0004_GiftCards" name="getErrorMessage" time="0.000">
    <skipped/>
  </testcase> <!-- getErrorMessage -->
  <system-out/>
  <testcase classname="testScenarios.TC_0004_GiftCards" name="clearrecipientmail" time="0.000">
    <skipped/>
  </testcase> <!-- clearrecipientmail -->
  <system-out/>
  <testcase classname="testScenarios.TC_0004_GiftCards" name="enterCorrectDeatils" time="0.000">
    <skipped/>
  </testcase> <!-- enterCorrectDeatils -->
  <system-out/>
  <testcase classname="testScenarios.TC_0004_GiftCards" name="clickConfirmWithcorrectEmail" time="0.000">
    <skipped/>
  </testcase> <!-- clickConfirmWithcorrectEmail -->
  <system-out/>
  <testcase classname="testScenarios.TC_0004_GiftCards" name="confirmDetails" time="0.000">
    <skipped/>
  </testcase> <!-- confirmDetails -->
  <system-out/>
</testsuite> <!-- testScenarios.TC_0004_GiftCards -->
