<?xml version="1.0" encoding="UTF-8"?>
<!-- Generated by org.testng.reporters.JUnitReportReporter -->
<testsuite hostname="LTIN185426" failures="0" tests="10" name="testScenarios.TC_005_ConfirmingFormDeatils" time="0.559" errors="0" timestamp="2024-02-23T13:47:34 IST" skipped="0">
  <testcase classname="testScenarios.TC_005_ConfirmingFormDeatils" name="confirmDetails" time="0.047"/>
  <system-out/>
  <testcase classname="testScenarios.TC_005_ConfirmingFormDeatils" name="confirmamountEnetered" time="0.049"/>
  <system-out/>
  <testcase classname="testScenarios.TC_005_ConfirmingFormDeatils" name="confirmrecipientName" time="0.067"/>
  <system-out/>
  <testcase classname="testScenarios.TC_005_ConfirmingFormDeatils" name="confirmrecipientEmail" time="0.061"/>
  <system-out/>
  <testcase classname="testScenarios.TC_005_ConfirmingFormDeatils" name="confirmrecipientMobile" time="0.059"/>
  <system-out/>
  <testcase classname="testScenarios.TC_005_ConfirmingFormDeatils" name="confirmcustomerName" time="0.058"/>
  <system-out/>
  <testcase classname="testScenarios.TC_005_ConfirmingFormDeatils" name="confirmcustomerEmail" time="0.051"/>
  <system-out/>
  <testcase classname="testScenarios.TC_005_ConfirmingFormDeatils" name="confirmcustomerMobile" time="0.063"/>
  <system-out/>
  <testcase classname="testScenarios.TC_005_ConfirmingFormDeatils" name="confirmcustomerCity" time="0.056"/>
  <system-out/>
  <testcase classname="testScenarios.TC_005_ConfirmingFormDeatils" name="confirmcustomerPinCode" time="0.048"/>
  <system-out/>
</testsuite> <!-- testScenarios.TC_005_ConfirmingFormDeatils -->
