<?xml version="1.0" encoding="UTF-8"?>
<!-- Generated by org.testng.reporters.JUnitReportReporter -->
<testsuite hostname="LTIN185426" failures="0" tests="2" name="testCases.TC_0001_SearchBookshelve" time="2.865" errors="0" timestamp="2024-02-23T13:07:33 IST" skipped="0">
  <testcase classname="testCases.TC_0001_SearchBookshelve" name="sendInSearch" time="1.024"/>
  <system-out/>
  <testcase classname="testCases.TC_0001_SearchBookshelve" name="clicksearch" time="1.841"/>
  <system-out/>
</testsuite> <!-- testCases.TC_0001_SearchBookshelve -->
