<?xml version="1.0" encoding="UTF-8"?>
<!-- Generated by org.testng.reporters.JUnitReportReporter -->
<testsuite hostname="LTIN185426" failures="0" tests="7" name="testCases.TC_0003_LivingMenuItems" time="46.157" errors="0" timestamp="2024-02-23T13:07:33 IST" skipped="0">
  <testcase classname="testCases.TC_0003_LivingMenuItems" name="scrollPageUp" time="0.047"/>
  <system-out/>
  <testcase classname="testCases.TC_0003_LivingMenuItems" name="hoverToLiving" time="0.162"/>
  <system-out/>
  <testcase classname="testCases.TC_0003_LivingMenuItems" name="waitforSubmenu" time="0.035"/>
  <system-out/>
  <testcase classname="testCases.TC_0003_LivingMenuItems" name="submenuSeatingandChairStoreInExcel" time="3.938"/>
  <system-out/>
  <testcase classname="testCases.TC_0003_LivingMenuItems" name="displaySubMenuSeatingandChair" time="1.767"/>
  <system-out/>
  <testcase classname="testCases.TC_0003_LivingMenuItems" name="scrollPage" time="0.043"/>
  <system-out/>
  <testcase classname="testCases.TC_0003_LivingMenuItems" name="clickGiftCardsButton" time="40.165"/>
  <system-out/>
</testsuite> <!-- testCases.TC_0003_LivingMenuItems -->
