<?xml version="1.0" encoding="UTF-8"?>
<!-- Generated by org.testng.reporters.JUnitReportReporter -->
<testsuite hostname="LTIN185426" failures="0" tests="9" name="testScenarios.TC_0005_ConfirmingFormDetails" time="0.000" errors="0" timestamp="2024-02-27T14:16:46 IST" skipped="9">
  <testcase classname="testScenarios.TC_0005_ConfirmingFormDetails" name="confirmamountEnetered" time="0.000">
    <skipped/>
  </testcase> <!-- confirmamountEnetered -->
  <system-out/>
  <testcase classname="testScenarios.TC_0005_ConfirmingFormDetails" name="confirmrecipientName" time="0.000">
    <skipped/>
  </testcase> <!-- confirmrecipientName -->
  <system-out/>
  <testcase classname="testScenarios.TC_0005_ConfirmingFormDetails" name="confirmrecipientEmail" time="0.000">
    <skipped/>
  </testcase> <!-- confirmrecipientEmail -->
  <system-out/>
  <testcase classname="testScenarios.TC_0005_ConfirmingFormDetails" name="confirmrecipientMobile" time="0.000">
    <skipped/>
  </testcase> <!-- confirmrecipientMobile -->
  <system-out/>
  <testcase classname="testScenarios.TC_0005_ConfirmingFormDetails" name="confirmcustomerName" time="0.000">
    <skipped/>
  </testcase> <!-- confirmcustomerName -->
  <system-out/>
  <testcase classname="testScenarios.TC_0005_ConfirmingFormDetails" name="confirmcustomerEmail" time="0.000">
    <skipped/>
  </testcase> <!-- confirmcustomerEmail -->
  <system-out/>
  <testcase classname="testScenarios.TC_0005_ConfirmingFormDetails" name="confirmcustomerMobile" time="0.000">
    <skipped/>
  </testcase> <!-- confirmcustomerMobile -->
  <system-out/>
  <testcase classname="testScenarios.TC_0005_ConfirmingFormDetails" name="confirmcustomerCity" time="0.000">
    <skipped/>
  </testcase> <!-- confirmcustomerCity -->
  <system-out/>
  <testcase classname="testScenarios.TC_0005_ConfirmingFormDetails" name="confirmcustomerPinCode" time="0.000">
    <skipped/>
  </testcase> <!-- confirmcustomerPinCode -->
  <system-out/>
</testsuite> <!-- testScenarios.TC_0005_ConfirmingFormDetails -->
