<?xml version="1.0" encoding="UTF-8"?>
<!-- Generated by org.testng.reporters.JUnitReportReporter -->
<testsuite hostname="LTIN185426" failures="0" tests="5" name="testScenarios.TC_0003_LivingMenuItems" time="0.000" errors="0" timestamp="2024-02-27T14:16:46 IST" skipped="5">
  <testcase classname="testScenarios.TC_0003_LivingMenuItems" name="scrollPageUp" time="0.000">
    <skipped/>
  </testcase> <!-- scrollPageUp -->
  <system-out/>
  <testcase classname="testScenarios.TC_0003_LivingMenuItems" name="hoverToLiving" time="0.000">
    <skipped/>
  </testcase> <!-- hoverToLiving -->
  <system-out/>
  <testcase classname="testScenarios.TC_0003_LivingMenuItems" name="waitforSubmenu" time="0.000">
    <skipped/>
  </testcase> <!-- waitforSubmenu -->
  <system-out/>
  <testcase classname="testScenarios.TC_0003_LivingMenuItems" name="submenuSeatingandChairStoreInExcel" time="0.000">
    <skipped/>
  </testcase> <!-- submenuSeatingandChairStoreInExcel -->
  <system-out/>
  <testcase classname="testScenarios.TC_0003_LivingMenuItems" name="displaySubMenuSeatingandChair" time="0.000">
    <skipped/>
  </testcase> <!-- displaySubMenuSeatingandChair -->
  <system-out/>
</testsuite> <!-- testScenarios.TC_0003_LivingMenuItems -->
