<?xml version="1.0" encoding="UTF-8"?>
<!-- Generated by org.testng.reporters.JUnitReportReporter -->
<testsuite hostname="LTIN185426" failures="0" tests="22" name="testScenarios.TC_0004_GiftCards" time="32.261" errors="0" timestamp="2024-02-27T13:21:51 IST" skipped="0">
  <testcase classname="testScenarios.TC_0004_GiftCards" name="scrollPage" time="0.078"/>
  <system-out/>
  <testcase classname="testScenarios.TC_0004_GiftCards" name="clickGiftCardsButton" time="23.713"/>
  <system-out/>
  <testcase classname="testScenarios.TC_0004_GiftCards" name="loadTheJSONFile" time="0.038"/>
  <system-out/>
  <testcase classname="testScenarios.TC_0004_GiftCards" name="scrollDownToGiftsOptions" time="0.028"/>
  <system-out/>
  <testcase classname="testScenarios.TC_0004_GiftCards" name="selectBirthdayOrAnniversary" time="0.115"/>
  <system-out/>
  <testcase classname="testScenarios.TC_0004_GiftCards" name="enteringPriceAmount" time="0.135"/>
  <system-out/>
  <testcase classname="testScenarios.TC_0004_GiftCards" name="clickOnNextbtn" time="0.079"/>
  <system-out/>
  <testcase classname="testScenarios.TC_0004_GiftCards" name="enterNameofRecipient" time="0.163"/>
  <system-out/>
  <testcase classname="testScenarios.TC_0004_GiftCards" name="enterEmailofRecipient" time="0.130"/>
  <system-out/>
  <testcase classname="testScenarios.TC_0004_GiftCards" name="enterMobileofRecipient" time="0.152"/>
  <system-out/>
  <testcase classname="testScenarios.TC_0004_GiftCards" name="enterNameofCustomer" time="0.125"/>
  <system-out/>
  <testcase classname="testScenarios.TC_0004_GiftCards" name="enterEmailofCustomer" time="0.126"/>
  <system-out/>
  <testcase classname="testScenarios.TC_0004_GiftCards" name="enterMobileNumberofCustomer" time="0.138"/>
  <system-out/>
  <testcase classname="testScenarios.TC_0004_GiftCards" name="enterAddressofCustomer" time="0.130"/>
  <system-out/>
  <testcase classname="testScenarios.TC_0004_GiftCards" name="enterPinofCustomerPin" time="0.125"/>
  <system-out/>
  <testcase classname="testScenarios.TC_0004_GiftCards" name="enterMessageIfAny" time="0.128"/>
  <system-out/>
  <testcase classname="testScenarios.TC_0004_GiftCards" name="clickOnConfirmbtn" time="3.329"/>
  <system-out/>
  <testcase classname="testScenarios.TC_0004_GiftCards" name="getErrorMessage" time="0.027"/>
  <system-out/>
  <testcase classname="testScenarios.TC_0004_GiftCards" name="clearrecipientmail" time="0.167"/>
  <system-out/>
  <testcase classname="testScenarios.TC_0004_GiftCards" name="enterCorrectDeatils" time="0.140"/>
  <system-out/>
  <testcase classname="testScenarios.TC_0004_GiftCards" name="clickConfirmWithcorrectEmail" time="3.142"/>
  <system-out/>
  <testcase classname="testScenarios.TC_0004_GiftCards" name="confirmDetails" time="0.053"/>
  <system-out/>
</testsuite> <!-- testScenarios.TC_0004_GiftCards -->
