<?xml version="1.0" encoding="UTF-8"?>
<!-- Generated by org.testng.reporters.JUnitReportReporter -->
<testsuite hostname="LTIN185426" failures="0" tests="19" name="testCases.TC_0004_GiftCards" time="7.837" errors="0" timestamp="2024-02-23T13:07:33 IST" skipped="0">
  <testcase classname="testCases.TC_0004_GiftCards" name="loadTheJSONFile" time="0.013"/>
  <system-out/>
  <testcase classname="testCases.TC_0004_GiftCards" name="scrollDownToGiftsOptions" time="0.028"/>
  <system-out/>
  <testcase classname="testCases.TC_0004_GiftCards" name="selectBirthdayOrAnniversary" time="0.135"/>
  <system-out/>
  <testcase classname="testCases.TC_0004_GiftCards" name="enteringPriceAmount" time="0.123"/>
  <system-out/>
  <testcase classname="testCases.TC_0004_GiftCards" name="clickOnNextbtn" time="0.082"/>
  <system-out/>
  <testcase classname="testCases.TC_0004_GiftCards" name="enterNameofRecipient" time="0.117"/>
  <system-out/>
  <testcase classname="testCases.TC_0004_GiftCards" name="enterEmailofRecipient" time="0.109"/>
  <system-out/>
  <testcase classname="testCases.TC_0004_GiftCards" name="enterMobileofRecipient" time="0.087"/>
  <system-out/>
  <testcase classname="testCases.TC_0004_GiftCards" name="enterNameofCustomer" time="0.091"/>
  <system-out/>
  <testcase classname="testCases.TC_0004_GiftCards" name="enterEmailofCustomer" time="0.099"/>
  <system-out/>
  <testcase classname="testCases.TC_0004_GiftCards" name="enterMobileNumberofCustomer" time="0.094"/>
  <system-out/>
  <testcase classname="testCases.TC_0004_GiftCards" name="enterAddressofCustomer" time="0.088"/>
  <system-out/>
  <testcase classname="testCases.TC_0004_GiftCards" name="enterPinofCustomerPin" time="0.097"/>
  <system-out/>
  <testcase classname="testCases.TC_0004_GiftCards" name="enterMessageIfAny" time="0.113"/>
  <system-out/>
  <testcase classname="testCases.TC_0004_GiftCards" name="clickOnConfirmbtn" time="3.143"/>
  <system-out/>
  <testcase classname="testCases.TC_0004_GiftCards" name="getErrorMessage" time="0.021"/>
  <system-out/>
  <testcase classname="testCases.TC_0004_GiftCards" name="clearrecipientmail" time="0.155"/>
  <system-out/>
  <testcase classname="testCases.TC_0004_GiftCards" name="enterCorrectDeatils" time="0.114"/>
  <system-out/>
  <testcase classname="testCases.TC_0004_GiftCards" name="clickConfirmWithcorrectEmail" time="3.128"/>
  <system-out/>
</testsuite> <!-- testCases.TC_0004_GiftCards -->
