<?xml version="1.0" encoding="UTF-8"?>
<!-- Generated by org.testng.reporters.JUnitReportReporter -->
<testsuite hostname="LTIN185426" failures="0" tests="12" name="testScenarios.TC_0002_BookshelvesDetails" time="57.706" errors="0" timestamp="2024-02-27T13:21:51 IST" skipped="0">
  <testcase classname="testScenarios.TC_0002_BookshelvesDetails" name="closePopUp" time="2.565"/>
  <system-out/>
  <testcase classname="testScenarios.TC_0002_BookshelvesDetails" name="scrollDown" time="0.072"/>
  <system-out/>
  <testcase classname="testScenarios.TC_0002_BookshelvesDetails" name="hoverCategory" time="0.209"/>
  <system-out/>
  <testcase classname="testScenarios.TC_0002_BookshelvesDetails" name="bookshelveCategory" time="0.228"/>
  <system-out/>
  <testcase classname="testScenarios.TC_0002_BookshelvesDetails" name="hoverToPrice" time="0.182"/>
  <system-out/>
  <testcase classname="testScenarios.TC_0002_BookshelvesDetails" name="waitPriceSlider" time="0.216"/>
  <system-out/>
  <testcase classname="testScenarios.TC_0002_BookshelvesDetails" name="slidePriceamount" time="8.710"/>
  <system-out/>
  <testcase classname="testScenarios.TC_0002_BookshelvesDetails" name="hoverSortBy" time="0.197"/>
  <system-out/>
  <testcase classname="testScenarios.TC_0002_BookshelvesDetails" name="sortAccToPrice" time="0.261"/>
  <system-out/>
  <testcase classname="testScenarios.TC_0002_BookshelvesDetails" name="inStock" time="0.168"/>
  <system-out/>
  <testcase classname="testScenarios.TC_0002_BookshelvesDetails" name="collectingBookShelvesList" time="44.895"/>
  <system-out/>
  <testcase classname="testScenarios.TC_0002_BookshelvesDetails" name="displayingBookShelves" time="0.003"/>
  <system-out/>
</testsuite> <!-- testScenarios.TC_0002_BookshelvesDetails -->
