<?xml version="1.0" encoding="UTF-8"?>
<!-- Generated by org.testng.reporters.JUnitReportReporter -->
<testsuite hostname="LTIN185426" failures="0" tests="10" name="testScenarios.TC_0003_LivingMenuItems" time="13.057" errors="0" timestamp="2024-02-28T17:25:58 IST" skipped="0">
  <testcase classname="testScenarios.TC_0003_LivingMenuItems" name="scrollPageUp" time="0.129"/>
  <system-out/>
  <testcase classname="testScenarios.TC_0003_LivingMenuItems" name="scrollPageUp" time="0.065"/>
  <system-out/>
  <testcase classname="testScenarios.TC_0003_LivingMenuItems" name="hoverToLiving" time="0.222"/>
  <system-out/>
  <testcase classname="testScenarios.TC_0003_LivingMenuItems" name="hoverToLiving" time="0.170"/>
  <system-out/>
  <testcase classname="testScenarios.TC_0003_LivingMenuItems" name="waitforSubmenu" time="0.035"/>
  <system-out/>
  <testcase classname="testScenarios.TC_0003_LivingMenuItems" name="waitforSubmenu" time="0.078"/>
  <system-out/>
  <testcase classname="testScenarios.TC_0003_LivingMenuItems" name="submenuSeatingandChairStoreInExcel" time="4.664"/>
  <system-out/>
  <testcase classname="testScenarios.TC_0003_LivingMenuItems" name="submenuSeatingandChairStoreInExcel" time="3.781"/>
  <system-out/>
  <testcase classname="testScenarios.TC_0003_LivingMenuItems" name="displaySubMenuSeatingandChair" time="1.663"/>
  <system-out/>
  <testcase classname="testScenarios.TC_0003_LivingMenuItems" name="displaySubMenuSeatingandChair" time="2.250"/>
  <system-out/>
</testsuite> <!-- testScenarios.TC_0003_LivingMenuItems -->
