<?xml version="1.0" encoding="UTF-8"?>
<!-- Generated by org.testng.reporters.JUnitReportReporter -->
<testsuite hostname="LTIN185426" failures="0" tests="5" name="testScenarios.TC_0003_LivingMenuItems" time="7.713" errors="0" timestamp="2024-02-27T13:21:51 IST" skipped="0">
  <testcase classname="testScenarios.TC_0003_LivingMenuItems" name="scrollPageUp" time="0.077"/>
  <system-out/>
  <testcase classname="testScenarios.TC_0003_LivingMenuItems" name="hoverToLiving" time="0.171"/>
  <system-out/>
  <testcase classname="testScenarios.TC_0003_LivingMenuItems" name="waitforSubmenu" time="0.050"/>
  <system-out/>
  <testcase classname="testScenarios.TC_0003_LivingMenuItems" name="submenuSeatingandChairStoreInExcel" time="4.948"/>
  <system-out/>
  <testcase classname="testScenarios.TC_0003_LivingMenuItems" name="displaySubMenuSeatingandChair" time="2.467"/>
  <system-out/>
</testsuite> <!-- testScenarios.TC_0003_LivingMenuItems -->
