<?xml version="1.0" encoding="UTF-8"?>
<!-- Generated by org.testng.reporters.JUnitReportReporter -->
<testsuite hostname="LTIN185426" failures="0" tests="22" name="testScenarios.TC_0004_GiftCards" time="13.405" errors="0" timestamp="2024-02-25T02:50:27 IST" skipped="0">
  <testcase classname="testScenarios.TC_0004_GiftCards" name="scrollPage" time="0.126"/>
  <system-out/>
  <testcase classname="testScenarios.TC_0004_GiftCards" name="clickGiftCardsButton" time="3.661"/>
  <system-out/>
  <testcase classname="testScenarios.TC_0004_GiftCards" name="loadTheJSONFile" time="0.043"/>
  <system-out/>
  <testcase classname="testScenarios.TC_0004_GiftCards" name="scrollDownToGiftsOptions" time="0.046"/>
  <system-out/>
  <testcase classname="testScenarios.TC_0004_GiftCards" name="selectBirthdayOrAnniversary" time="0.152"/>
  <system-out/>
  <testcase classname="testScenarios.TC_0004_GiftCards" name="enteringPriceAmount" time="0.200"/>
  <system-out/>
  <testcase classname="testScenarios.TC_0004_GiftCards" name="clickOnNextbtn" time="0.098"/>
  <system-out/>
  <testcase classname="testScenarios.TC_0004_GiftCards" name="enterNameofRecipient" time="0.155"/>
  <system-out/>
  <testcase classname="testScenarios.TC_0004_GiftCards" name="enterEmailofRecipient" time="0.166"/>
  <system-out/>
  <testcase classname="testScenarios.TC_0004_GiftCards" name="enterMobileofRecipient" time="0.180"/>
  <system-out/>
  <testcase classname="testScenarios.TC_0004_GiftCards" name="enterNameofCustomer" time="0.185"/>
  <system-out/>
  <testcase classname="testScenarios.TC_0004_GiftCards" name="enterEmailofCustomer" time="0.215"/>
  <system-out/>
  <testcase classname="testScenarios.TC_0004_GiftCards" name="enterMobileNumberofCustomer" time="0.196"/>
  <system-out/>
  <testcase classname="testScenarios.TC_0004_GiftCards" name="enterAddressofCustomer" time="0.245"/>
  <system-out/>
  <testcase classname="testScenarios.TC_0004_GiftCards" name="enterPinofCustomerPin" time="0.419"/>
  <system-out/>
  <testcase classname="testScenarios.TC_0004_GiftCards" name="enterMessageIfAny" time="0.172"/>
  <system-out/>
  <testcase classname="testScenarios.TC_0004_GiftCards" name="clickOnConfirmbtn" time="3.155"/>
  <system-out/>
  <testcase classname="testScenarios.TC_0004_GiftCards" name="getErrorMessage" time="0.030"/>
  <system-out/>
  <testcase classname="testScenarios.TC_0004_GiftCards" name="clearrecipientmail" time="0.217"/>
  <system-out/>
  <testcase classname="testScenarios.TC_0004_GiftCards" name="enterCorrectDeatils" time="0.175"/>
  <system-out/>
  <testcase classname="testScenarios.TC_0004_GiftCards" name="clickConfirmWithcorrectEmail" time="3.520"/>
  <system-out/>
  <testcase classname="testScenarios.TC_0004_GiftCards" name="confirmDetails" time="0.049"/>
  <system-out/>
</testsuite> <!-- testScenarios.TC_0004_GiftCards -->
