<?xml version="1.0" encoding="UTF-8"?>
<!-- Generated by org.testng.reporters.JUnitReportReporter -->
<testsuite hostname="LTIN185426" failures="0" tests="9" name="testScenarios.TC_005_ConfirmingFormDeatils" time="0.589" errors="0" timestamp="2024-02-24T19:07:52 IST" skipped="0">
  <testcase classname="testScenarios.TC_005_ConfirmingFormDeatils" name="confirmamountEnetered" time="0.040"/>
  <system-out/>
  <testcase classname="testScenarios.TC_005_ConfirmingFormDeatils" name="confirmrecipientName" time="0.076"/>
  <system-out/>
  <testcase classname="testScenarios.TC_005_ConfirmingFormDeatils" name="confirmrecipientEmail" time="0.067"/>
  <system-out/>
  <testcase classname="testScenarios.TC_005_ConfirmingFormDeatils" name="confirmrecipientMobile" time="0.064"/>
  <system-out/>
  <testcase classname="testScenarios.TC_005_ConfirmingFormDeatils" name="confirmcustomerName" time="0.054"/>
  <system-out/>
  <testcase classname="testScenarios.TC_005_ConfirmingFormDeatils" name="confirmcustomerEmail" time="0.061"/>
  <system-out/>
  <testcase classname="testScenarios.TC_005_ConfirmingFormDeatils" name="confirmcustomerMobile" time="0.073"/>
  <system-out/>
  <testcase classname="testScenarios.TC_005_ConfirmingFormDeatils" name="confirmcustomerCity" time="0.104"/>
  <system-out/>
  <testcase classname="testScenarios.TC_005_ConfirmingFormDeatils" name="confirmcustomerPinCode" time="0.050"/>
  <system-out/>
</testsuite> <!-- testScenarios.TC_005_ConfirmingFormDeatils -->
