<?xml version="1.0" encoding="UTF-8"?>
<!-- Generated by org.testng.reporters.JUnitReportReporter -->
<testsuite hostname="LTIN185426" failures="0" tests="2" name="testScenarios.TC_0001_SearchBookshelve" time="39.824" errors="0" timestamp="2024-02-26T13:06:45 IST" skipped="0">
  <testcase classname="testScenarios.TC_0001_SearchBookshelve" name="sendInSearch" time="33.128"/>
  <testcase classname="testScenarios.TC_0001_SearchBookshelve" name="clicksearch" time="6.696"/>
</testsuite> <!-- testScenarios.TC_0001_SearchBookshelve -->
