<?xml version="1.0" encoding="UTF-8"?>
<!-- Generated by org.testng.reporters.JUnitReportReporter -->
<testsuite hostname="LTIN185426" failures="0" tests="2" name="testCases.TC_0001_SearchBookshelve" time="2.743" errors="0" timestamp="2024-02-23T11:39:40 IST" skipped="0">
  <testcase classname="testCases.TC_0001_SearchBookshelve" name="sendInSearch" time="0.324"/>
  <testcase classname="testCases.TC_0001_SearchBookshelve" name="clicksearch" time="2.419"/>
</testsuite> <!-- testCases.TC_0001_SearchBookshelve -->
