<?xml version="1.0" encoding="UTF-8"?>
<!-- Generated by org.testng.reporters.JUnitReportReporter -->
<testsuite hostname="LTIN185426" failures="0" tests="10" name="testScenarios.TC_005_ConfirmingFormDeatils" time="0.605" errors="0" timestamp="2024-02-23T14:10:17 IST" skipped="0">
  <testcase classname="testScenarios.TC_005_ConfirmingFormDeatils" name="confirmDetails" time="0.070"/>
  <testcase classname="testScenarios.TC_005_ConfirmingFormDeatils" name="confirmamountEnetered" time="0.044"/>
  <testcase classname="testScenarios.TC_005_ConfirmingFormDeatils" name="confirmrecipientName" time="0.057"/>
  <testcase classname="testScenarios.TC_005_ConfirmingFormDeatils" name="confirmrecipientEmail" time="0.051"/>
  <testcase classname="testScenarios.TC_005_ConfirmingFormDeatils" name="confirmrecipientMobile" time="0.064"/>
  <testcase classname="testScenarios.TC_005_ConfirmingFormDeatils" name="confirmcustomerName" time="0.059"/>
  <testcase classname="testScenarios.TC_005_ConfirmingFormDeatils" name="confirmcustomerEmail" time="0.050"/>
  <testcase classname="testScenarios.TC_005_ConfirmingFormDeatils" name="confirmcustomerMobile" time="0.055"/>
  <testcase classname="testScenarios.TC_005_ConfirmingFormDeatils" name="confirmcustomerCity" time="0.118"/>
  <testcase classname="testScenarios.TC_005_ConfirmingFormDeatils" name="confirmcustomerPinCode" time="0.037"/>
</testsuite> <!-- testScenarios.TC_005_ConfirmingFormDeatils -->
