<?xml version="1.0" encoding="UTF-8"?>
<!-- Generated by org.testng.reporters.JUnitReportReporter -->
<testsuite hostname="LTIN185426" failures="0" tests="19" name="testCases.TC_0004_GiftCards" time="8.032" errors="0" timestamp="2024-02-23T11:39:40 IST" skipped="0">
  <testcase classname="testCases.TC_0004_GiftCards" name="loadTheJSONFile" time="0.018"/>
  <testcase classname="testCases.TC_0004_GiftCards" name="scrollDownToGiftsOptions" time="0.031"/>
  <testcase classname="testCases.TC_0004_GiftCards" name="selectBirthdayOrAnniversary" time="0.126"/>
  <testcase classname="testCases.TC_0004_GiftCards" name="enteringPriceAmount" time="0.109"/>
  <testcase classname="testCases.TC_0004_GiftCards" name="clickOnNextbtn" time="0.096"/>
  <testcase classname="testCases.TC_0004_GiftCards" name="enterNameofRecipient" time="0.116"/>
  <testcase classname="testCases.TC_0004_GiftCards" name="enterEmailofRecipient" time="0.109"/>
  <testcase classname="testCases.TC_0004_GiftCards" name="enterMobileofRecipient" time="0.090"/>
  <testcase classname="testCases.TC_0004_GiftCards" name="enterNameofCustomer" time="0.097"/>
  <testcase classname="testCases.TC_0004_GiftCards" name="enterEmailofCustomer" time="0.108"/>
  <testcase classname="testCases.TC_0004_GiftCards" name="enterMobileNumberofCustomer" time="0.109"/>
  <testcase classname="testCases.TC_0004_GiftCards" name="enterAddressofCustomer" time="0.104"/>
  <testcase classname="testCases.TC_0004_GiftCards" name="enterPinofCustomerPin" time="0.111"/>
  <testcase classname="testCases.TC_0004_GiftCards" name="enterMessageIfAny" time="0.117"/>
  <testcase classname="testCases.TC_0004_GiftCards" name="clickOnConfirmbtn" time="3.157"/>
  <testcase classname="testCases.TC_0004_GiftCards" name="getErrorMessage" time="0.022"/>
  <testcase classname="testCases.TC_0004_GiftCards" name="clearrecipientmail" time="0.203"/>
  <testcase classname="testCases.TC_0004_GiftCards" name="enterCorrectDeatils" time="0.165"/>
  <testcase classname="testCases.TC_0004_GiftCards" name="clickConfirmWithcorrectEmail" time="3.144"/>
</testsuite> <!-- testCases.TC_0004_GiftCards -->
