<?xml version="1.0" encoding="UTF-8"?>
<!-- Generated by org.testng.reporters.JUnitReportReporter -->
<testsuite hostname="LTIN185426" failures="0" tests="7" name="testCases.TC_0003_LivingMenuItems" time="12.432" errors="0" timestamp="2024-02-23T11:39:40 IST" skipped="0">
  <testcase classname="testCases.TC_0003_LivingMenuItems" name="scrollPageUp" time="0.044"/>
  <testcase classname="testCases.TC_0003_LivingMenuItems" name="hoverToLiving" time="0.166"/>
  <testcase classname="testCases.TC_0003_LivingMenuItems" name="waitforSubmenu" time="0.036"/>
  <testcase classname="testCases.TC_0003_LivingMenuItems" name="submenuSeatingandChairStoreInExcel" time="4.055"/>
  <testcase classname="testCases.TC_0003_LivingMenuItems" name="displaySubMenuSeatingandChair" time="2.157"/>
  <testcase classname="testCases.TC_0003_LivingMenuItems" name="scrollPage" time="0.044"/>
  <testcase classname="testCases.TC_0003_LivingMenuItems" name="clickGiftCardsButton" time="5.930"/>
</testsuite> <!-- testCases.TC_0003_LivingMenuItems -->
