<?xml version="1.0" encoding="UTF-8"?>
<!-- Generated by org.testng.reporters.JUnitReportReporter -->
<testsuite hostname="LTIN185426" failures="0" tests="12" name="testCases.TC_0002_BookshelvesDetails" time="51.609" errors="0" timestamp="2024-02-23T11:39:40 IST" skipped="0">
  <testcase classname="testCases.TC_0002_BookshelvesDetails" name="closePopUp" time="2.430"/>
  <testcase classname="testCases.TC_0002_BookshelvesDetails" name="scrollDown" time="0.063"/>
  <testcase classname="testCases.TC_0002_BookshelvesDetails" name="hoverCategory" time="0.175"/>
  <testcase classname="testCases.TC_0002_BookshelvesDetails" name="bookshelveCategory" time="0.149"/>
  <testcase classname="testCases.TC_0002_BookshelvesDetails" name="hoverToPrice" time="0.160"/>
  <testcase classname="testCases.TC_0002_BookshelvesDetails" name="waitPriceSlider" time="0.600"/>
  <testcase classname="testCases.TC_0002_BookshelvesDetails" name="slidePriceamount" time="8.797"/>
  <testcase classname="testCases.TC_0002_BookshelvesDetails" name="hoverSortBy" time="0.182"/>
  <testcase classname="testCases.TC_0002_BookshelvesDetails" name="sortAccToPrice" time="0.141"/>
  <testcase classname="testCases.TC_0002_BookshelvesDetails" name="inStock" time="0.152"/>
  <testcase classname="testCases.TC_0002_BookshelvesDetails" name="collectingBookShelvesList" time="38.760"/>
  <testcase classname="testCases.TC_0002_BookshelvesDetails" name="displayingBookShelves" time="0.000"/>
</testsuite> <!-- testCases.TC_0002_BookshelvesDetails -->
