<?xml version="1.0" encoding="UTF-8"?>
<!-- Generated by org.testng.reporters.JUnitReportReporter -->
<testsuite hostname="LTIN185426" failures="0" tests="12" name="testScenarios.TC_0002_BookshelvesDetails" time="74.032" errors="0" timestamp="2024-02-26T13:06:45 IST" skipped="0">
  <testcase classname="testScenarios.TC_0002_BookshelvesDetails" name="closePopUp" time="0.278"/>
  <testcase classname="testScenarios.TC_0002_BookshelvesDetails" name="scrollDown" time="0.115"/>
  <testcase classname="testScenarios.TC_0002_BookshelvesDetails" name="hoverCategory" time="0.230"/>
  <testcase classname="testScenarios.TC_0002_BookshelvesDetails" name="bookshelveCategory" time="0.267"/>
  <testcase classname="testScenarios.TC_0002_BookshelvesDetails" name="hoverToPrice" time="0.324"/>
  <testcase classname="testScenarios.TC_0002_BookshelvesDetails" name="waitPriceSlider" time="0.052"/>
  <testcase classname="testScenarios.TC_0002_BookshelvesDetails" name="slidePriceamount" time="8.878"/>
  <testcase classname="testScenarios.TC_0002_BookshelvesDetails" name="hoverSortBy" time="0.212"/>
  <testcase classname="testScenarios.TC_0002_BookshelvesDetails" name="sortAccToPrice" time="0.223"/>
  <testcase classname="testScenarios.TC_0002_BookshelvesDetails" name="inStock" time="0.214"/>
  <testcase classname="testScenarios.TC_0002_BookshelvesDetails" name="collectingBookShelvesList" time="63.237"/>
  <testcase classname="testScenarios.TC_0002_BookshelvesDetails" name="displayingBookShelves" time="0.002"/>
</testsuite> <!-- testScenarios.TC_0002_BookshelvesDetails -->
