<?xml version="1.0" encoding="UTF-8"?>
<!-- Generated by org.testng.reporters.JUnitReportReporter -->
<testsuite hostname="LTIN185426" failures="0" tests="12" name="testScenarios.TC_0002_BookshelvesDetails" time="57.264" errors="0" timestamp="2024-02-25T02:46:07 IST" skipped="0">
  <testcase classname="testScenarios.TC_0002_BookshelvesDetails" name="closePopUp" time="2.433"/>
  <testcase classname="testScenarios.TC_0002_BookshelvesDetails" name="scrollDown" time="0.076"/>
  <testcase classname="testScenarios.TC_0002_BookshelvesDetails" name="hoverCategory" time="0.213"/>
  <testcase classname="testScenarios.TC_0002_BookshelvesDetails" name="bookshelveCategory" time="0.172"/>
  <testcase classname="testScenarios.TC_0002_BookshelvesDetails" name="hoverToPrice" time="1.369"/>
  <testcase classname="testScenarios.TC_0002_BookshelvesDetails" name="waitPriceSlider" time="0.144"/>
  <testcase classname="testScenarios.TC_0002_BookshelvesDetails" name="slidePriceamount" time="8.840"/>
  <testcase classname="testScenarios.TC_0002_BookshelvesDetails" name="hoverSortBy" time="0.192"/>
  <testcase classname="testScenarios.TC_0002_BookshelvesDetails" name="sortAccToPrice" time="0.181"/>
  <testcase classname="testScenarios.TC_0002_BookshelvesDetails" name="inStock" time="0.455"/>
  <testcase classname="testScenarios.TC_0002_BookshelvesDetails" name="collectingBookShelvesList" time="43.189"/>
  <testcase classname="testScenarios.TC_0002_BookshelvesDetails" name="displayingBookShelves" time="0.000"/>
</testsuite> <!-- testScenarios.TC_0002_BookshelvesDetails -->
