<?xml version="1.0" encoding="UTF-8"?>
<!-- Generated by org.testng.reporters.JUnitReportReporter -->
<testsuite hostname="LTIN185426" failures="0" tests="2" name="testScenarios.TC_0001_SearchBookshelve" time="3.179" errors="0" timestamp="2024-02-25T02:46:07 IST" skipped="0">
  <testcase classname="testScenarios.TC_0001_SearchBookshelve" name="sendInSearch" time="1.735"/>
  <testcase classname="testScenarios.TC_0001_SearchBookshelve" name="clicksearch" time="1.444"/>
</testsuite> <!-- testScenarios.TC_0001_SearchBookshelve -->
