<?xml version="1.0" encoding="UTF-8"?>
<!-- Generated by org.testng.reporters.JUnitReportReporter -->
<testsuite hostname="LTIN185426" failures="0" tests="2" name="testScenarios.TC_0001_SearchBookshelve" time="3.593" errors="0" timestamp="2024-02-27T14:06:15 IST" skipped="0">
  <testcase classname="testScenarios.TC_0001_SearchBookshelve" name="sendInSearch" time="1.324"/>
  <testcase classname="testScenarios.TC_0001_SearchBookshelve" name="clicksearch" time="2.269"/>
</testsuite> <!-- testScenarios.TC_0001_SearchBookshelve -->
