<?xml version="1.0" encoding="UTF-8"?>
<!-- Generated by org.testng.reporters.JUnitReportReporter -->
<testsuite hostname="LTIN185426" failures="0" tests="10" name="testCases.TC_005_ConfirmingFormDeatils" time="0.701" errors="0" timestamp="2024-02-23T11:39:40 IST" skipped="0">
  <testcase classname="testCases.TC_005_ConfirmingFormDeatils" name="confirmDetails" time="0.055"/>
  <testcase classname="testCases.TC_005_ConfirmingFormDeatils" name="confirmamountEnetered" time="0.053"/>
  <testcase classname="testCases.TC_005_ConfirmingFormDeatils" name="confirmrecipientName" time="0.079"/>
  <testcase classname="testCases.TC_005_ConfirmingFormDeatils" name="confirmrecipientEmail" time="0.076"/>
  <testcase classname="testCases.TC_005_ConfirmingFormDeatils" name="confirmrecipientMobile" time="0.081"/>
  <testcase classname="testCases.TC_005_ConfirmingFormDeatils" name="confirmcustomerName" time="0.083"/>
  <testcase classname="testCases.TC_005_ConfirmingFormDeatils" name="confirmcustomerEmail" time="0.086"/>
  <testcase classname="testCases.TC_005_ConfirmingFormDeatils" name="confirmcustomerMobile" time="0.064"/>
  <testcase classname="testCases.TC_005_ConfirmingFormDeatils" name="confirmcustomerCity" time="0.073"/>
  <testcase classname="testCases.TC_005_ConfirmingFormDeatils" name="confirmcustomerPinCode" time="0.051"/>
</testsuite> <!-- testCases.TC_005_ConfirmingFormDeatils -->
